<?xml version="1.0" encoding="utf-8"?><testsuites name="pytest tests"><testsuite name="pytest" errors="0" failures="0" skipped="0" tests="15" time="72.939" timestamp="2026-06-18T07:04:22.449228+00:00" hostname="agent-env-e36fd3d4-329e-4410-a6d4-97ba963c7e62"><testcase classname="backend.tests.test_mindora_v2" name="test_root_version" time="0.499" /><testcase classname="backend.tests.test_mindora_v2" name="test_patch_me_parent_email" time="0.204" /><testcase classname="backend.tests.test_mindora_v2" name="test_curriculum_overview" time="0.103" /><testcase classname="backend.tests.test_mindora_v2" name="test_curriculum_list_9_science" time="0.118" /><testcase classname="backend.tests.test_mindora_v2" name="test_curriculum_lesson_content" time="16.876" /><testcase classname="backend.tests.test_mindora_v2" name="test_curriculum_lesson_route_no_collision" time="0.192" /><testcase classname="backend.tests.test_mindora_v2" name="test_curriculum_quiz" time="23.383" /><testcase classname="backend.tests.test_mindora_v2" name="test_curriculum_complete_lesson" time="0.328" /><testcase classname="backend.tests.test_mindora_v2" name="test_voice_tts" time="2.093" /><testcase classname="backend.tests.test_mindora_v2" name="test_voice_stt_roundtrip" time="0.570" /><testcase classname="backend.tests.test_mindora_v2" name="test_visual_svg" time="9.346" /><testcase classname="backend.tests.test_mindora_v2" name="test_visual_image_or_svg" time="18.006" /><testcase classname="backend.tests.test_mindora_v2" name="test_parent_preview" time="0.170" /><testcase classname="backend.tests.test_mindora_v2" name="test_parent_send_digest_no_email" time="0.503" /><testcase classname="backend.tests.test_mindora_v2" name="test_parent_send_digest_success" time="0.456" /></testsuite></testsuites>