<?xml version="1.0" encoding="utf-8"?><testsuites name="pytest tests"><testsuite name="pytest" errors="0" failures="0" skipped="0" tests="14" time="17.316" timestamp="2026-06-18T06:29:29.506684+00:00" hostname="agent-env-e36fd3d4-329e-4410-a6d4-97ba963c7e62"><testcase classname="backend.tests.test_mindora_backend" name="test_health_root" time="0.131" /><testcase classname="backend.tests.test_mindora_backend" name="test_register_new_student" time="0.274" /><testcase classname="backend.tests.test_mindora_backend" name="test_register_duplicate_email" time="0.046" /><testcase classname="backend.tests.test_mindora_backend" name="test_login_admin_success" time="0.266" /><testcase classname="backend.tests.test_mindora_backend" name="test_login_wrong_password" time="0.264" /><testcase classname="backend.tests.test_mindora_backend" name="test_me_with_bearer" time="0.143" /><testcase classname="backend.tests.test_mindora_backend" name="test_me_without_token" time="0.093" /><testcase classname="backend.tests.test_mindora_backend" name="test_lms_dashboard" time="0.126" /><testcase classname="backend.tests.test_mindora_backend" name="test_lms_dashboard_unauth" time="0.092" /><testcase classname="backend.tests.test_mindora_backend" name="test_chat_teach_streaming" time="7.919" /><testcase classname="backend.tests.test_mindora_backend" name="test_chat_sessions_list" time="0.150" /><testcase classname="backend.tests.test_mindora_backend" name="test_chat_session_messages" time="0.100" /><testcase classname="backend.tests.test_mindora_backend" name="test_public_demo_teach" time="7.381" /><testcase classname="backend.tests.test_mindora_backend" name="test_logout" time="0.140" /></testsuite></testsuites>